2026-02-26 17:44:47 Started.
2026-02-26 17:45:56 Done.

<Resampled Classification Model>
LightGBM (Gradient Boosting)
⚙ Tuned using exhaustive grid search.
⟳ Tested using 10 independent folds.

  <Resampled Classification Training Metrics>
    Showing mean (sd) across resamples.
          Sensitivity: 0.832 (0.023)
          Specificity: 0.741 (0.020)
    Balanced_Accuracy: 0.787 (0.017)
                  PPV: 0.768 (0.015)
                  NPV: 0.811 (0.023)
                   F1: 0.799 (0.017)
             Accuracy: 0.787 (0.017)
                  AUC: 0.871 (0.018)
          Brier_Score: 0.155 (0.016)

  <Resampled Classification Test Metrics>
    Showing mean (sd) across resamples.
          Sensitivity: 0.778 (0.086)
          Specificity: 0.660 (0.077)
    Balanced_Accuracy: 0.719 (0.061)
                  PPV: 0.704 (0.055)
                  NPV: 0.747 (0.084)
                   F1: 0.737 (0.060)
             Accuracy: 0.720 (0.061)
                  AUC: 0.792 (0.064)
          Brier_Score: 0.188 (0.031)
